FetchError: invalid json response body at https://www.indiatvnews.com/pincode/ajaxpostofficeload/bihar/kaimur-(bhabua)/ reason: Unexpected token < in JSON at position 0
    at E:\work\node-scripts\node_modules\node-fetch\lib\index.js:272:32
    at runMicrotasks (<anonymous>)
at processTicksAndRejections (internal/process/task_queues.js:95:5)
    at async fetch_areas (E:\work\node-scripts\india_tv_app.js:14:19) {
type: 'invalid-json'
    }
FetchError: invalid json response body at https://www.indiatvnews.com/pincode/ajaxpostofficeload/chattisgarh/bilaspur(cgh)/ reason: Unexpected token < in JSON at position 0
    at E:\work\node-scripts\node_modules\node-fetch\lib\index.js:272:32
    at runMicrotasks (<anonymous>)
at processTicksAndRejections (internal/process/task_queues.js:95:5)
    at async fetch_areas (E:\work\node-scripts\india_tv_app.js:14:19) {
type: 'invalid-json'
    }
FetchError: invalid json response body at https://www.indiatvnews.com/pincode/ajaxpostofficeload/himachal-pradesh/hamirpur(hp)/ reason: Unexpected token < in JSON at positi
on 0
    at E:\work\node-scripts\node_modules\node-fetch\lib\index.js:272:32
    at runMicrotasks (<anonymous>)
at processTicksAndRejections (internal/process/task_queues.js:95:5)
    at async fetch_areas (E:\work\node-scripts\india_tv_app.js:14:19) {
type: 'invalid-json'
    }
FetchError: invalid json response body at https://www.indiatvnews.com/pincode/ajaxpostofficeload/himachal-pradesh/bilaspur-(hp)/ reason: Unexpected token < in JSON at posit
ion 0
    at E:\work\node-scripts\node_modules\node-fetch\lib\index.js:272:32
    at runMicrotasks (<anonymous>)
at processTicksAndRejections (internal/process/task_queues.js:95:5)
    at async fetch_areas (E:\work\node-scripts\india_tv_app.js:14:19) {
type: 'invalid-json'
    }
FetchError: invalid json response body at https://www.indiatvnews.com/pincode/ajaxpostofficeload/chattisgarh/bijapur(cgh)/ reason: Unexpected token < in JSON at position 0
    at E:\work\node-scripts\node_modules\node-fetch\lib\index.js:272:32
    at runMicrotasks (<anonymous>)
at processTicksAndRejections (internal/process/task_queues.js:95:5)
    at async fetch_areas (E:\work\node-scripts\india_tv_app.js:14:19) {
type: 'invalid-json'
    }

FetchError: invalid json response body at https://www.indiatvnews.com/pincode/ajaxpostofficeload/karnataka/bijapur(kar)/ reason: Unexpected token < in JSON at position 0
    at E:\work\node-scripts\node_modules\node-fetch\lib\index.js:272:32
    at runMicrotasks (<anonymous>)
at processTicksAndRejections (internal/process/task_queues.js:95:5)
    at async fetch_areas (E:\work\node-scripts\india_tv_app.js:14:19) {
type: 'invalid-json'
    }
FetchError: invalid json response body at https://www.indiatvnews.com/pincode/ajaxpostofficeload/maharashtra/raigarh(mh)/ reason: Unexpected token < in JSON at position 0
    at E:\work\node-scripts\node_modules\node-fetch\lib\index.js:272:32
    at runMicrotasks (<anonymous>)
at processTicksAndRejections (internal/process/task_queues.js:95:5)
    at async fetch_areas (E:\work\node-scripts\india_tv_app.js:14:19) {
type: 'invalid-json'
    }
FetchError: invalid json response body at https://www.indiatvnews.com/errors/404 reaso
n: Unexpected token < in JSON at position 0
    at E:\work\node-scripts\node_modules\node-fetch\lib\index.js:272:32
    at runMicrotasks (<anonymous>)
at processTicksAndRejections (internal/process/task_queues.js:95:5)
    at async fetch_areas (E:\work\node-scripts\india_tv_app.js:14:19) {
type: 'invalid-json'
    }
FetchError: invalid json response body at https://www.indiatvnews.com/errors/404 reaso
n: Unexpected token < in JSON at position 0
    at E:\work\node-scripts\node_modules\node-fetch\lib\index.js:272:32
    at runMicrotasks (<anonymous>)
at processTicksAndRejections (internal/process/task_queues.js:95:5)
    at async fetch_areas (E:\work\node-scripts\india_tv_app.js:14:19) {
type: 'invalid-json'
    }
FetchError: invalid json response body at https://www.indiatvnews.com/errors/404 reaso
n: Unexpected token < in JSON at position 0
    at E:\work\node-scripts\node_modules\node-fetch\lib\index.js:272:32
    at runMicrotasks (<anonymous>)
at processTicksAndRejections (internal/process/task_queues.js:95:5)
    at async fetch_areas (E:\work\node-scripts\india_tv_app.js:14:19) {
type: 'invalid-json'
    }

